2020-01-19 08:56:37,716 - pg_itis_importer - DEBUG - Starting ITIS harvester...
2020-01-19 08:57:03,398 - pg_itis_importer - DEBUG - Starting ITIS harvester...
2020-01-19 08:57:03,398 - pg_itis_importer - DEBUG - Starting ITIS harvester...
2020-01-19 08:57:21,006 - pg_itis_importer - DEBUG - Starting ITIS harvester...
2020-01-19 08:57:21,006 - pg_itis_importer - DEBUG - Starting ITIS harvester...
2020-01-19 08:57:21,006 - pg_itis_importer - DEBUG - Starting ITIS harvester...
2020-01-19 08:57:39,705 - pg_itis_importer - ERROR - woow
2020-01-19 08:57:39,705 - pg_itis_importer - ERROR - woow
2020-01-19 08:57:39,705 - pg_itis_importer - ERROR - woow
2020-01-19 08:57:49,168 - pg_itis_importer - DEBUG - woow
2020-01-19 08:57:49,168 - pg_itis_importer - DEBUG - woow
2020-01-19 08:57:49,168 - pg_itis_importer - DEBUG - woow
2020-01-19 08:58:11,964 - pg_itis_importer - WARNING - woow
2020-01-19 08:58:11,964 - pg_itis_importer - WARNING - woow
2020-01-19 08:58:11,964 - pg_itis_importer - WARNING - woow
2020-01-19 09:03:52,797 - pg_itis_importer - DEBUG - Starting NERC harvester...
2020-01-19 09:03:52,797 - pg_itis_importer - DEBUG - Starting NERC harvester...
2020-01-19 09:03:52,797 - pg_itis_importer - DEBUG - Starting NERC harvester...
2020-01-19 09:03:52,797 - pg_itis_importer - DEBUG - Starting NERC harvester...
2020-01-19 09:04:22,480 - pg_itis_importer - DEBUG - Starting NERC harvester...
2020-01-19 09:04:22,480 - pg_itis_importer - DEBUG - Starting NERC harvester...
2020-01-19 09:04:22,480 - pg_itis_importer - DEBUG - Starting NERC harvester...
2020-01-19 09:04:22,480 - pg_itis_importer - DEBUG - Starting NERC harvester...
2020-01-19 09:04:22,480 - pg_itis_importer - DEBUG - Starting NERC harvester...
