2020-02-22 18:57:18,022 - __main__ - DEBUG - Starting NERC harvester...
2020-02-22 18:57:18,022 - __main__ - DEBUG - Starting NERC harvester...
2020-02-22 18:57:19,711 - __main__ - DEBUG - xml is read properly
2020-02-22 18:57:19,711 - __main__ - DEBUG - xml is read properly
2020-02-22 18:57:22,839 - __main__ - DEBUG - xml is read properly
2020-02-22 18:57:22,839 - __main__ - DEBUG - xml is read properly
2020-02-22 18:57:22,984 - __main__ - INFO - Connected to PostgreSQL database!
2020-02-22 18:57:22,984 - __main__ - INFO - Connected to PostgreSQL database!
2020-02-22 18:57:31,061 - __main__ - INFO - Connected to PostgreSQL database!
2020-02-22 18:57:31,061 - __main__ - INFO - Connected to PostgreSQL database!
2020-02-22 18:57:31,209 - __main__ - DEBUG - Relations inserted/updated successfully 
2020-02-22 18:57:31,209 - __main__ - DEBUG - Relations inserted/updated successfully 
2020-02-22 18:57:31,213 - __main__ - DEBUG - Total execution time:0:00:13.179030
2020-02-22 18:57:31,213 - __main__ - DEBUG - Total execution time:0:00:13.179030
2020-02-22 18:57:31,213 - __main__ - DEBUG - ----------------------------------------
2020-02-22 18:57:31,213 - __main__ - DEBUG - ----------------------------------------
2020-02-22 19:02:00,274 - __main__ - DEBUG - Starting NERC harvester...
2020-02-22 19:02:00,274 - __main__ - DEBUG - Starting NERC harvester...
2020-02-22 19:02:00,274 - __main__ - DEBUG - Starting NERC harvester...
2020-02-22 19:02:01,499 - __main__ - DEBUG - xml is read properly
2020-02-22 19:02:01,499 - __main__ - DEBUG - xml is read properly
2020-02-22 19:02:01,499 - __main__ - DEBUG - xml is read properly
2020-02-22 19:02:03,845 - __main__ - DEBUG - xml is read properly
2020-02-22 19:02:03,845 - __main__ - DEBUG - xml is read properly
2020-02-22 19:02:03,845 - __main__ - DEBUG - xml is read properly
2020-02-22 19:02:03,985 - __main__ - INFO - Connected to PostgreSQL database!
2020-02-22 19:02:03,985 - __main__ - INFO - Connected to PostgreSQL database!
2020-02-22 19:02:03,985 - __main__ - INFO - Connected to PostgreSQL database!
2020-02-22 19:02:08,070 - __main__ - DEBUG - Inserting new NERC TERMS : SKIPPED
2020-02-22 19:02:08,070 - __main__ - DEBUG - Inserting new NERC TERMS : SKIPPED
2020-02-22 19:02:08,070 - __main__ - DEBUG - Inserting new NERC TERMS : SKIPPED
2020-02-22 19:02:08,070 - __main__ - DEBUG - Updating new NERC TERMS : SKIPPED
2020-02-22 19:02:08,070 - __main__ - DEBUG - Updating new NERC TERMS : SKIPPED
2020-02-22 19:02:08,070 - __main__ - DEBUG - Updating new NERC TERMS : SKIPPED
2020-02-22 19:02:12,391 - __main__ - INFO - Connected to PostgreSQL database!
2020-02-22 19:02:12,391 - __main__ - INFO - Connected to PostgreSQL database!
2020-02-22 19:02:12,391 - __main__ - INFO - Connected to PostgreSQL database!
2020-02-22 19:02:12,534 - __main__ - DEBUG - Relations inserted/updated successfully 
2020-02-22 19:02:12,534 - __main__ - DEBUG - Relations inserted/updated successfully 
2020-02-22 19:02:12,534 - __main__ - DEBUG - Relations inserted/updated successfully 
2020-02-22 19:02:12,567 - __main__ - DEBUG - Total execution time:0:00:12.293050
2020-02-22 19:02:12,567 - __main__ - DEBUG - Total execution time:0:00:12.293050
2020-02-22 19:02:12,567 - __main__ - DEBUG - Total execution time:0:00:12.293050
2020-02-22 19:02:12,567 - __main__ - DEBUG - ----------------------------------------
2020-02-22 19:02:12,567 - __main__ - DEBUG - ----------------------------------------
2020-02-22 19:02:12,567 - __main__ - DEBUG - ----------------------------------------
2020-02-22 19:10:45,366 - __main__ - DEBUG - Starting NERC harvester...
2020-02-22 19:10:45,366 - __main__ - DEBUG - Starting NERC harvester...
2020-02-22 19:10:45,366 - __main__ - DEBUG - Starting NERC harvester...
2020-02-22 19:10:45,366 - __main__ - DEBUG - Starting NERC harvester...
2020-02-22 19:10:46,616 - __main__ - DEBUG - xml is read properly
2020-02-22 19:10:46,616 - __main__ - DEBUG - xml is read properly
2020-02-22 19:10:46,616 - __main__ - DEBUG - xml is read properly
2020-02-22 19:10:46,616 - __main__ - DEBUG - xml is read properly
2020-02-22 19:10:49,028 - __main__ - DEBUG - xml is read properly
2020-02-22 19:10:49,028 - __main__ - DEBUG - xml is read properly
2020-02-22 19:10:49,028 - __main__ - DEBUG - xml is read properly
2020-02-22 19:10:49,028 - __main__ - DEBUG - xml is read properly
2020-02-22 19:10:49,706 - __main__ - INFO - Connected to PostgreSQL database!
2020-02-22 19:10:49,706 - __main__ - INFO - Connected to PostgreSQL database!
2020-02-22 19:10:49,706 - __main__ - INFO - Connected to PostgreSQL database!
2020-02-22 19:10:49,706 - __main__ - INFO - Connected to PostgreSQL database!
2020-02-22 19:11:00,871 - __main__ - DEBUG - Inserting new NERC TERMS : SKIPPED
2020-02-22 19:11:00,871 - __main__ - DEBUG - Inserting new NERC TERMS : SKIPPED
2020-02-22 19:11:00,871 - __main__ - DEBUG - Inserting new NERC TERMS : SKIPPED
2020-02-22 19:11:00,871 - __main__ - DEBUG - Inserting new NERC TERMS : SKIPPED
2020-02-22 19:11:00,875 - __main__ - DEBUG - Updating new NERC TERMS : SKIPPED
2020-02-22 19:11:00,875 - __main__ - DEBUG - Updating new NERC TERMS : SKIPPED
2020-02-22 19:11:00,875 - __main__ - DEBUG - Updating new NERC TERMS : SKIPPED
2020-02-22 19:11:00,875 - __main__ - DEBUG - Updating new NERC TERMS : SKIPPED
2020-02-22 19:15:03,723 - __main__ - INFO - Connected to PostgreSQL database!
2020-02-22 19:15:03,723 - __main__ - INFO - Connected to PostgreSQL database!
2020-02-22 19:15:03,723 - __main__ - INFO - Connected to PostgreSQL database!
2020-02-22 19:15:03,723 - __main__ - INFO - Connected to PostgreSQL database!
2020-02-22 19:15:03,913 - __main__ - DEBUG - Relations inserted/updated successfully 
2020-02-22 19:15:03,913 - __main__ - DEBUG - Relations inserted/updated successfully 
2020-02-22 19:15:03,913 - __main__ - DEBUG - Relations inserted/updated successfully 
2020-02-22 19:15:03,913 - __main__ - DEBUG - Relations inserted/updated successfully 
2020-02-22 19:15:03,938 - __main__ - DEBUG - Total execution time:0:04:18.571474
2020-02-22 19:15:03,938 - __main__ - DEBUG - Total execution time:0:04:18.571474
2020-02-22 19:15:03,938 - __main__ - DEBUG - Total execution time:0:04:18.571474
2020-02-22 19:15:03,938 - __main__ - DEBUG - Total execution time:0:04:18.571474
2020-02-22 19:15:03,939 - __main__ - DEBUG - ----------------------------------------
2020-02-22 19:15:03,939 - __main__ - DEBUG - ----------------------------------------
2020-02-22 19:15:03,939 - __main__ - DEBUG - ----------------------------------------
2020-02-22 19:15:03,939 - __main__ - DEBUG - ----------------------------------------
2020-02-22 19:15:40,198 - __main__ - DEBUG - Starting NERC harvester...
2020-02-22 19:15:41,441 - __main__ - DEBUG - xml is read properly
2020-02-22 19:15:43,691 - __main__ - DEBUG - xml is read properly
2020-02-22 19:15:44,430 - __main__ - INFO - Connected to PostgreSQL database!
2020-02-22 19:15:55,757 - __main__ - DEBUG - Inserting new NERC TERMS : SKIPPED
2020-02-22 19:15:55,757 - __main__ - DEBUG - Updating new NERC TERMS : SKIPPED
2020-02-22 19:16:36,988 - __main__ - INFO - Connected to PostgreSQL database!
2020-02-22 19:16:37,172 - __main__ - DEBUG - Relations inserted/updated successfully 
2020-02-22 19:16:37,196 - __main__ - DEBUG - Total execution time:0:00:56.998005
2020-02-22 19:16:37,196 - __main__ - DEBUG - ----------------------------------------
2020-02-22 19:42:56,026 - __main__ - DEBUG - Starting NERC harvester...
2020-02-22 19:42:56,026 - __main__ - DEBUG - Starting NERC harvester...
2020-02-22 19:42:57,088 - __main__ - DEBUG - xml is read properly
2020-02-22 19:42:57,088 - __main__ - DEBUG - xml is read properly
2020-02-22 19:42:59,419 - __main__ - DEBUG - xml is read properly
2020-02-22 19:42:59,419 - __main__ - DEBUG - xml is read properly
2020-02-22 19:42:59,546 - __main__ - INFO - Connected to PostgreSQL database!
2020-02-22 19:42:59,546 - __main__ - INFO - Connected to PostgreSQL database!
2020-02-22 19:43:02,798 - __main__ - DEBUG - Inserting new NERC TERMS : SKIPPED
2020-02-22 19:43:02,798 - __main__ - DEBUG - Inserting new NERC TERMS : SKIPPED
2020-02-22 19:43:02,798 - __main__ - DEBUG - Updating new NERC TERMS : SKIPPED
2020-02-22 19:43:02,798 - __main__ - DEBUG - Updating new NERC TERMS : SKIPPED
2020-02-22 19:43:06,258 - __main__ - INFO - Connected to PostgreSQL database!
2020-02-22 19:43:06,258 - __main__ - INFO - Connected to PostgreSQL database!
2020-02-22 19:43:06,401 - __main__ - DEBUG - Relations inserted/updated successfully 
2020-02-22 19:43:06,401 - __main__ - DEBUG - Relations inserted/updated successfully 
2020-02-22 19:43:06,432 - __main__ - DEBUG - Total execution time:0:00:10.405598
2020-02-22 19:43:06,432 - __main__ - DEBUG - Total execution time:0:00:10.405598
2020-02-22 19:43:06,432 - __main__ - DEBUG - ----------------------------------------
2020-02-22 19:43:06,432 - __main__ - DEBUG - ----------------------------------------
